<?xml version="1.0" encoding="UTF-8"?>
<testsuite xmlns:xsi="http://www.w3.org/2001/XMLSchema-instance" xsi:noNamespaceSchemaLocation="https://maven.apache.org/surefire/maven-surefire-plugin/xsd/surefire-test-report.xsd" name="org.apache.maven.plugins.javadoc.AggregatorJavadocReportTest" time="3.067" tests="2" errors="0" skipped="0" failures="0">
  <properties>
[...]
</properties>
  <testcase name="testAggregateJavadocResources" classname="org.apache.maven.plugins.javadoc.AggregatorJavadocReportTest" time="1.651"/>
  <testcase name="testAggregate" classname="org.apache.maven.plugins.javadoc.AggregatorJavadocReportTest" time="1.415"/>
</testsuite>